<?xml version="1.0" encoding="UTF-8"?>
<!-- Generated by org.testng.reporters.JUnitReportReporter -->
<testsuite hostname="MOHITKWATRA" failures="0" tests="2" name="blisspadsAutomation.TestCase.TestCase" time="39.980" errors="0" timestamp="2025-08-19T16:31:54 IST" skipped="0">
  <testcase classname="blisspadsAutomation.TestCase.TestCase" name="submitOrder" time="20.173"/>
  <testcase classname="blisspadsAutomation.TestCase.TestCase" name="submitOrder" time="19.807"/>
</testsuite> <!-- blisspadsAutomation.TestCase.TestCase -->
